=== 2026-07-02T16:25:27+09:00 ===
{
  "ok": true,
  "dryRun": false,
  "discovery": {
    "trackedRepos": [
      {
        "id": 1286140622,
        "name": "26s-w1-c1-01",
        "url": "https://github.com/madcamp-official/26s-w1-c1-01",
        "season": "2026-summer",
        "week": 1,
        "class": 1,
        "teamNumber": "01",
        "private": false,
        "defaultBranch": "main",
        "lastPushedAt": "2026-07-01T13:37:25Z"
      },
      {
        "id": 1286140669,
        "name": "26s-w1-c1-02",
        "url": "https://github.com/madcamp-official/26s-w1-c1-02",
        "season": "2026-summer",
        "week": 1,
        "class": 1,
        "teamNumber": "02",
        "private": false,
        "defaultBranch": "main",
        "lastPushedAt": "2026-07-01T13:37:28Z"
      },
      {
        "id": 1286140715,
        "name": "26s-w1-c1-03",
        "url": "https://github.com/madcamp-official/26s-w1-c1-03",
        "season": "2026-summer",
        "week": 1,
        "class": 1,
        "teamNumber": "03",
        "private": false,
        "defaultBranch": "main",
        "lastPushedAt": "2026-07-01T13:37:32Z"
      },
      {
        "id": 1286140768,
        "name": "26s-w1-c1-04",
        "url": "https://github.com/madcamp-official/26s-w1-c1-04",
        "season": "2026-summer",
        "week": 1,
        "class": 1,
        "teamNumber": "04",
        "private": false,
        "defaultBranch": "main",
        "lastPushedAt": "2026-07-01T13:37:35Z"
      },
      {
        "id": 1286140825,
        "name": "26s-w1-c1-05",
        "url": "https://github.com/madcamp-official/26s-w1-c1-05",
        "season": "2026-summer",
        "week": 1,
        "class": 1,
        "teamNumber": "05",
        "private": false,
        "defaultBranch": "main",
        "lastPushedAt": "2026-07-02T05:12:28Z"
      },
      {
        "id": 1286140871,
        "name": "26s-w1-c1-06",
        "url": "https://github.com/madcamp-official/26s-w1-c1-06",
        "season": "2026-summer",
        "week": 1,
        "class": 1,
        "teamNumber": "06",
        "private": false,
        "defaultBranch": "main",
        "lastPushedAt": "2026-07-01T13:37:42Z"
      },
      {
        "id": 1286140930,
        "name": "26s-w1-c1-07",
        "url": "https://github.com/madcamp-official/26s-w1-c1-07",
        "season": "2026-summer",
        "week": 1,
        "class": 1,
        "teamNumber": "07",
        "private": false,
        "defaultBranch": "main",
        "lastPushedAt": "2026-07-01T13:37:45Z"
      },
      {
        "id": 1286140997,
        "name": "26s-w1-c2-01",
        "url": "https://github.com/madcamp-official/26s-w1-c2-01",
        "season": "2026-summer",
        "week": 1,
        "class": 2,
        "teamNumber": "01",
        "private": false,
        "defaultBranch": "main",
        "lastPushedAt": "2026-07-01T13:37:49Z"
      },
      {
        "id": 1286141049,
        "name": "26s-w1-c2-02",
        "url": "https://github.com/madcamp-official/26s-w1-c2-02",
        "season": "2026-summer",
        "week": 1,
        "class": 2,
        "teamNumber": "02",
        "private": false,
        "defaultBranch": "main",
        "lastPushedAt": "2026-07-01T13:37:52Z"
      },
      {
        "id": 1286141099,
        "name": "26s-w1-c2-03",
        "url": "https://github.com/madcamp-official/26s-w1-c2-03",
        "season": "2026-summer",
        "week": 1,
        "class": 2,
        "teamNumber": "03",
        "private": false,
        "defaultBranch": "main",
        "lastPushedAt": "2026-07-01T13:37:55Z"
      },
      {
        "id": 1286141152,
        "name": "26s-w1-c2-04",
        "url": "https://github.com/madcamp-official/26s-w1-c2-04",
        "season": "2026-summer",
        "week": 1,
        "class": 2,
        "teamNumber": "04",
        "private": false,
        "defaultBranch": "main",
        "lastPushedAt": "2026-07-01T13:37:59Z"
      },
      {
        "id": 1286141213,
        "name": "26s-w1-c2-05",
        "url": "https://github.com/madcamp-official/26s-w1-c2-05",
        "season": "2026-summer",
        "week": 1,
        "class": 2,
        "teamNumber": "05",
        "private": false,
        "defaultBranch": "main",
        "lastPushedAt": "2026-07-01T13:38:02Z"
      },
      {
        "id": 1286141261,
        "name": "26s-w1-c2-06",
        "url": "https://github.com/madcamp-official/26s-w1-c2-06",
        "season": "2026-summer",
        "week": 1,
        "class": 2,
        "teamNumber": "06",
        "private": false,
        "defaultBranch": "main",
        "lastPushedAt": "2026-07-01T13:38:06Z"
      },
      {
        "id": 1286141311,
        "name": "26s-w1-c2-07",
        "url": "https://github.com/madcamp-official/26s-w1-c2-07",
        "season": "2026-summer",
        "week": 1,
        "class": 2,
        "teamNumber": "07",
        "private": false,
        "defaultBranch": "main",
        "lastPushedAt": "2026-07-01T13:38:09Z"
      },
      {
        "id": 1286141356,
        "name": "26s-w1-c2-08",
        "url": "https://github.com/madcamp-official/26s-w1-c2-08",
        "season": "2026-summer",
        "week": 1,
        "class": 2,
        "teamNumber": "08",
        "private": false,
        "defaultBranch": "main",
        "lastPushedAt": "2026-07-01T13:38:12Z"
      },
      {
        "id": 1286141407,
        "name": "26s-w1-c3-01",
        "url": "https://github.com/madcamp-official/26s-w1-c3-01",
        "season": "2026-summer",
        "week": 1,
        "class": 3,
        "teamNumber": "01",
        "private": false,
        "defaultBranch": "main",
        "lastPushedAt": "2026-07-01T13:38:16Z"
      },
      {
        "id": 1286141464,
        "name": "26s-w1-c3-02",
        "url": "https://github.com/madcamp-official/26s-w1-c3-02",
        "season": "2026-summer",
        "week": 1,
        "class": 3,
        "teamNumber": "02",
        "private": false,
        "defaultBranch": "main",
        "lastPushedAt": "2026-07-02T07:25:20Z"
      },
      {
        "id": 1286141507,
        "name": "26s-w1-c3-03",
        "url": "https://github.com/madcamp-official/26s-w1-c3-03",
        "season": "2026-summer",
        "week": 1,
        "class": 3,
        "teamNumber": "03",
        "private": false,
        "defaultBranch": "main",
        "lastPushedAt": "2026-07-01T13:38:22Z"
      },
      {
        "id": 1286141572,
        "name": "26s-w1-c3-04",
        "url": "https://github.com/madcamp-official/26s-w1-c3-04",
        "season": "2026-summer",
        "week": 1,
        "class": 3,
        "teamNumber": "04",
        "private": false,
        "defaultBranch": "main",
        "lastPushedAt": "2026-07-01T13:38:26Z"
      },
      {
        "id": 1286141630,
        "name": "26s-w1-c3-05",
        "url": "https://github.com/madcamp-official/26s-w1-c3-05",
        "season": "2026-summer",
        "week": 1,
        "class": 3,
        "teamNumber": "05",
        "private": false,
        "defaultBranch": "main",
        "lastPushedAt": "2026-07-01T13:38:29Z"
      },
      {
        "id": 1286141674,
        "name": "26s-w1-c3-06",
        "url": "https://github.com/madcamp-official/26s-w1-c3-06",
        "season": "2026-summer",
        "week": 1,
        "class": 3,
        "teamNumber": "06",
        "private": false,
        "defaultBranch": "main",
        "lastPushedAt": "2026-07-01T13:38:32Z"
      },
      {
        "id": 1286141751,
        "name": "26s-w1-c3-07",
        "url": "https://github.com/madcamp-official/26s-w1-c3-07",
        "season": "2026-summer",
        "week": 1,
        "class": 3,
        "teamNumber": "07",
        "private": false,
        "defaultBranch": "main",
        "lastPushedAt": "2026-07-01T13:38:36Z"
      },
      {
        "id": 1286141792,
        "name": "26s-w1-c3-08",
        "url": "https://github.com/madcamp-official/26s-w1-c3-08",
        "season": "2026-summer",
        "week": 1,
        "class": 3,
        "teamNumber": "08",
        "private": false,
        "defaultBranch": "main",
        "lastPushedAt": "2026-07-01T13:38:39Z"
      },
      {
        "id": 1286141862,
        "name": "26s-w1-c3-09",
        "url": "https://github.com/madcamp-official/26s-w1-c3-09",
        "season": "2026-summer",
        "week": 1,
        "class": 3,
        "teamNumber": "09",
        "private": false,
        "defaultBranch": "main",
        "lastPushedAt": "2026-07-01T13:38:43Z"
      }
    ],
    "ignoredRepos": [
      "admin-manual",
      "participant-guide",
      "project-template",
      "ops-scripts",
      ".github",
      "github-automation"
    ],
    "warnings": []
  },
  "commitsProcessed": 13,
  "unknownUsers": 0,
  "failedRepos": [],
  "rateLimit": {
    "limit": 5000,
    "remaining": 4798,
    "reset": 1782979473,
    "used": 202
  },
  "report": {
    "syncStartedAt": "2026-07-02T07:25:28.014Z",
    "syncFinishedAt": "2026-07-02T07:25:46.797Z",
    "durationMs": 18783,
    "week": 1,
    "status": "success",
    "commitScope": "all_branches",
    "reposExpected": 24,
    "reposMatched": 24,
    "reposSucceeded": 24,
    "reposFailed": 0,
    "branchesScanned": 25,
    "commitPagesFetched": 25,
    "commitsFetched": 13,
    "uniqueCommits": 13,
    "unknownAuthors": 0,
    "rateLimit": {
      "limit": 5000,
      "remaining": 4798,
      "reset": 1782979473,
      "used": 202
    },
    "failedRepos": [],
    "repoReports": [
      {
        "repoName": "26s-w1-c1-01",
        "week": 1,
        "status": "success",
        "commitScope": "all_branches",
        "branchesScanned": 1,
        "branchesFetched": 1,
        "pagesFetched": 1,
        "commitsFetched": 0
      },
      {
        "repoName": "26s-w1-c1-02",
        "week": 1,
        "status": "success",
        "commitScope": "all_branches",
        "branchesScanned": 1,
        "branchesFetched": 1,
        "pagesFetched": 1,
        "commitsFetched": 0
      },
      {
        "repoName": "26s-w1-c1-03",
        "week": 1,
        "status": "success",
        "commitScope": "all_branches",
        "branchesScanned": 1,
        "branchesFetched": 1,
        "pagesFetched": 1,
        "commitsFetched": 0
      },
      {
        "repoName": "26s-w1-c1-04",
        "week": 1,
        "status": "success",
        "commitScope": "all_branches",
        "branchesScanned": 1,
        "branchesFetched": 1,
        "pagesFetched": 1,
        "commitsFetched": 0
      },
      {
        "repoName": "26s-w1-c1-05",
        "week": 1,
        "status": "success",
        "commitScope": "all_branches",
        "branchesScanned": 2,
        "branchesFetched": 1,
        "pagesFetched": 2,
        "commitsFetched": 1,
        "firstCommitAt": "2026-07-02T05:12:06Z",
        "lastCommitAt": "2026-07-02T05:12:06Z"
      },
      {
        "repoName": "26s-w1-c1-06",
        "week": 1,
        "status": "success",
        "commitScope": "all_branches",
        "branchesScanned": 1,
        "branchesFetched": 1,
        "pagesFetched": 1,
        "commitsFetched": 0
      },
      {
        "repoName": "26s-w1-c1-07",
        "week": 1,
        "status": "success",
        "commitScope": "all_branches",
        "branchesScanned": 1,
        "branchesFetched": 1,
        "pagesFetched": 1,
        "commitsFetched": 0
      },
      {
        "repoName": "26s-w1-c2-01",
        "week": 1,
        "status": "success",
        "commitScope": "all_branches",
        "branchesScanned": 1,
        "branchesFetched": 1,
        "pagesFetched": 1,
        "commitsFetched": 0
      },
      {
        "repoName": "26s-w1-c2-02",
        "week": 1,
        "status": "success",
        "commitScope": "all_branches",
        "branchesScanned": 1,
        "branchesFetched": 1,
        "pagesFetched": 1,
        "commitsFetched": 0
      },
      {
        "repoName": "26s-w1-c2-03",
        "week": 1,
        "status": "success",
        "commitScope": "all_branches",
        "branchesScanned": 1,
        "branchesFetched": 1,
        "pagesFetched": 1,
        "commitsFetched": 0
      },
      {
        "repoName": "26s-w1-c2-04",
        "week": 1,
        "status": "success",
        "commitScope": "all_branches",
        "branchesScanned": 1,
        "branchesFetched": 1,
        "pagesFetched": 1,
        "commitsFetched": 0
      },
      {
        "repoName": "26s-w1-c2-05",
        "week": 1,
        "status": "success",
        "commitScope": "all_branches",
        "branchesScanned": 1,
        "branchesFetched": 1,
        "pagesFetched": 1,
        "commitsFetched": 0
      },
      {
        "repoName": "26s-w1-c2-06",
        "week": 1,
        "status": "success",
        "commitScope": "all_branches",
        "branchesScanned": 1,
        "branchesFetched": 1,
        "pagesFetched": 1,
        "commitsFetched": 0
      },
      {
        "repoName": "26s-w1-c2-07",
        "week": 1,
        "status": "success",
        "commitScope": "all_branches",
        "branchesScanned": 1,
        "branchesFetched": 1,
        "pagesFetched": 1,
        "commitsFetched": 0
      },
      {
        "repoName": "26s-w1-c2-08",
        "week": 1,
        "status": "success",
        "commitScope": "all_branches",
        "branchesScanned": 1,
        "branchesFetched": 1,
        "pagesFetched": 1,
        "commitsFetched": 0
      },
      {
        "repoName": "26s-w1-c3-01",
        "week": 1,
        "status": "success",
        "commitScope": "all_branches",
        "branchesScanned": 1,
        "branchesFetched": 1,
        "pagesFetched": 1,
        "commitsFetched": 0
      },
      {
        "repoName": "26s-w1-c3-02",
        "week": 1,
        "status": "success",
        "commitScope": "all_branches",
        "branchesScanned": 1,
        "branchesFetched": 1,
        "pagesFetched": 1,
        "commitsFetched": 12,
        "firstCommitAt": "2026-07-02T05:20:04Z",
        "lastCommitAt": "2026-07-02T07:25:12Z"
      },
      {
        "repoName": "26s-w1-c3-03",
        "week": 1,
        "status": "success",
        "commitScope": "all_branches",
        "branchesScanned": 1,
        "branchesFetched": 1,
        "pagesFetched": 1,
        "commitsFetched": 0
      },
      {
        "repoName": "26s-w1-c3-04",
        "week": 1,
        "status": "success",
        "commitScope": "all_branches",
        "branchesScanned": 1,
        "branchesFetched": 1,
        "pagesFetched": 1,
        "commitsFetched": 0
      },
      {
        "repoName": "26s-w1-c3-05",
        "week": 1,
        "status": "success",
        "commitScope": "all_branches",
        "branchesScanned": 1,
        "branchesFetched": 1,
        "pagesFetched": 1,
        "commitsFetched": 0
      },
      {
        "repoName": "26s-w1-c3-06",
        "week": 1,
        "status": "success",
        "commitScope": "all_branches",
        "branchesScanned": 1,
        "branchesFetched": 1,
        "pagesFetched": 1,
        "commitsFetched": 0
      },
      {
        "repoName": "26s-w1-c3-07",
        "week": 1,
        "status": "success",
        "commitScope": "all_branches",
        "branchesScanned": 1,
        "branchesFetched": 1,
        "pagesFetched": 1,
        "commitsFetched": 0
      },
      {
        "repoName": "26s-w1-c3-08",
        "week": 1,
        "status": "success",
        "commitScope": "all_branches",
        "branchesScanned": 1,
        "branchesFetched": 1,
        "pagesFetched": 1,
        "commitsFetched": 0
      },
      {
        "repoName": "26s-w1-c3-09",
        "week": 1,
        "status": "success",
        "commitScope": "all_branches",
        "branchesScanned": 1,
        "branchesFetched": 1,
        "pagesFetched": 1,
        "commitsFetched": 0
      }
    ],
    "warnings": [],
    "attribution": {
      "participantCommits": 13,
      "coAuthoredParticipantCommits": 0,
      "botWithParticipant": 0,
      "botOnly": 0,
      "unknown": 0
    }
  },
  "ledgerPath": "/home/xistoh162108/Documents/projects/26_03_madcamp-service/git-tracker/data/commits/2026-summer-w1.jsonl",
  "reportPath": "/home/xistoh162108/Documents/projects/26_03_madcamp-service/git-tracker/data/sync-reports/latest.json",
  "snapshotPath": "/home/xistoh162108/Documents/projects/26_03_madcamp-service/git-tracker/public/data/snapshots/latest.json"
}

=== 2026-07-02T16:30:01+09:00 ===
{
  "ok": true,
  "dryRun": false,
  "discovery": {
    "trackedRepos": [
      {
        "id": 1286140622,
        "name": "26s-w1-c1-01",
        "url": "https://github.com/madcamp-official/26s-w1-c1-01",
        "season": "2026-summer",
        "week": 1,
        "class": 1,
        "teamNumber": "01",
        "private": false,
        "defaultBranch": "main",
        "lastPushedAt": "2026-07-01T13:37:25Z"
      },
      {
        "id": 1286140669,
        "name": "26s-w1-c1-02",
        "url": "https://github.com/madcamp-official/26s-w1-c1-02",
        "season": "2026-summer",
        "week": 1,
        "class": 1,
        "teamNumber": "02",
        "private": false,
        "defaultBranch": "main",
        "lastPushedAt": "2026-07-01T13:37:28Z"
      },
      {
        "id": 1286140715,
        "name": "26s-w1-c1-03",
        "url": "https://github.com/madcamp-official/26s-w1-c1-03",
        "season": "2026-summer",
        "week": 1,
        "class": 1,
        "teamNumber": "03",
        "private": false,
        "defaultBranch": "main",
        "lastPushedAt": "2026-07-01T13:37:32Z"
      },
      {
        "id": 1286140768,
        "name": "26s-w1-c1-04",
        "url": "https://github.com/madcamp-official/26s-w1-c1-04",
        "season": "2026-summer",
        "week": 1,
        "class": 1,
        "teamNumber": "04",
        "private": false,
        "defaultBranch": "main",
        "lastPushedAt": "2026-07-01T13:37:35Z"
      },
      {
        "id": 1286140825,
        "name": "26s-w1-c1-05",
        "url": "https://github.com/madcamp-official/26s-w1-c1-05",
        "season": "2026-summer",
        "week": 1,
        "class": 1,
        "teamNumber": "05",
        "private": false,
        "defaultBranch": "main",
        "lastPushedAt": "2026-07-02T05:12:28Z"
      },
      {
        "id": 1286140871,
        "name": "26s-w1-c1-06",
        "url": "https://github.com/madcamp-official/26s-w1-c1-06",
        "season": "2026-summer",
        "week": 1,
        "class": 1,
        "teamNumber": "06",
        "private": false,
        "defaultBranch": "main",
        "lastPushedAt": "2026-07-01T13:37:42Z"
      },
      {
        "id": 1286140930,
        "name": "26s-w1-c1-07",
        "url": "https://github.com/madcamp-official/26s-w1-c1-07",
        "season": "2026-summer",
        "week": 1,
        "class": 1,
        "teamNumber": "07",
        "private": false,
        "defaultBranch": "main",
        "lastPushedAt": "2026-07-01T13:37:45Z"
      },
      {
        "id": 1286140997,
        "name": "26s-w1-c2-01",
        "url": "https://github.com/madcamp-official/26s-w1-c2-01",
        "season": "2026-summer",
        "week": 1,
        "class": 2,
        "teamNumber": "01",
        "private": false,
        "defaultBranch": "main",
        "lastPushedAt": "2026-07-01T13:37:49Z"
      },
      {
        "id": 1286141049,
        "name": "26s-w1-c2-02",
        "url": "https://github.com/madcamp-official/26s-w1-c2-02",
        "season": "2026-summer",
        "week": 1,
        "class": 2,
        "teamNumber": "02",
        "private": false,
        "defaultBranch": "main",
        "lastPushedAt": "2026-07-01T13:37:52Z"
      },
      {
        "id": 1286141099,
        "name": "26s-w1-c2-03",
        "url": "https://github.com/madcamp-official/26s-w1-c2-03",
        "season": "2026-summer",
        "week": 1,
        "class": 2,
        "teamNumber": "03",
        "private": false,
        "defaultBranch": "main",
        "lastPushedAt": "2026-07-01T13:37:55Z"
      },
      {
        "id": 1286141152,
        "name": "26s-w1-c2-04",
        "url": "https://github.com/madcamp-official/26s-w1-c2-04",
        "season": "2026-summer",
        "week": 1,
        "class": 2,
        "teamNumber": "04",
        "private": false,
        "defaultBranch": "main",
        "lastPushedAt": "2026-07-01T13:37:59Z"
      },
      {
        "id": 1286141213,
        "name": "26s-w1-c2-05",
        "url": "https://github.com/madcamp-official/26s-w1-c2-05",
        "season": "2026-summer",
        "week": 1,
        "class": 2,
        "teamNumber": "05",
        "private": false,
        "defaultBranch": "main",
        "lastPushedAt": "2026-07-01T13:38:02Z"
      },
      {
        "id": 1286141261,
        "name": "26s-w1-c2-06",
        "url": "https://github.com/madcamp-official/26s-w1-c2-06",
        "season": "2026-summer",
        "week": 1,
        "class": 2,
        "teamNumber": "06",
        "private": false,
        "defaultBranch": "main",
        "lastPushedAt": "2026-07-01T13:38:06Z"
      },
      {
        "id": 1286141311,
        "name": "26s-w1-c2-07",
        "url": "https://github.com/madcamp-official/26s-w1-c2-07",
        "season": "2026-summer",
        "week": 1,
        "class": 2,
        "teamNumber": "07",
        "private": false,
        "defaultBranch": "main",
        "lastPushedAt": "2026-07-01T13:38:09Z"
      },
      {
        "id": 1286141356,
        "name": "26s-w1-c2-08",
        "url": "https://github.com/madcamp-official/26s-w1-c2-08",
        "season": "2026-summer",
        "week": 1,
        "class": 2,
        "teamNumber": "08",
        "private": false,
        "defaultBranch": "main",
        "lastPushedAt": "2026-07-01T13:38:12Z"
      },
      {
        "id": 1286141407,
        "name": "26s-w1-c3-01",
        "url": "https://github.com/madcamp-official/26s-w1-c3-01",
        "season": "2026-summer",
        "week": 1,
        "class": 3,
        "teamNumber": "01",
        "private": false,
        "defaultBranch": "main",
        "lastPushedAt": "2026-07-01T13:38:16Z"
      },
      {
        "id": 1286141464,
        "name": "26s-w1-c3-02",
        "url": "https://github.com/madcamp-official/26s-w1-c3-02",
        "season": "2026-summer",
        "week": 1,
        "class": 3,
        "teamNumber": "02",
        "private": false,
        "defaultBranch": "main",
        "lastPushedAt": "2026-07-02T07:25:20Z"
      },
      {
        "id": 1286141507,
        "name": "26s-w1-c3-03",
        "url": "https://github.com/madcamp-official/26s-w1-c3-03",
        "season": "2026-summer",
        "week": 1,
        "class": 3,
        "teamNumber": "03",
        "private": false,
        "defaultBranch": "main",
        "lastPushedAt": "2026-07-01T13:38:22Z"
      },
      {
        "id": 1286141572,
        "name": "26s-w1-c3-04",
        "url": "https://github.com/madcamp-official/26s-w1-c3-04",
        "season": "2026-summer",
        "week": 1,
        "class": 3,
        "teamNumber": "04",
        "private": false,
        "defaultBranch": "main",
        "lastPushedAt": "2026-07-01T13:38:26Z"
      },
      {
        "id": 1286141630,
        "name": "26s-w1-c3-05",
        "url": "https://github.com/madcamp-official/26s-w1-c3-05",
        "season": "2026-summer",
        "week": 1,
        "class": 3,
        "teamNumber": "05",
        "private": false,
        "defaultBranch": "main",
        "lastPushedAt": "2026-07-01T13:38:29Z"
      },
      {
        "id": 1286141674,
        "name": "26s-w1-c3-06",
        "url": "https://github.com/madcamp-official/26s-w1-c3-06",
        "season": "2026-summer",
        "week": 1,
        "class": 3,
        "teamNumber": "06",
        "private": false,
        "defaultBranch": "main",
        "lastPushedAt": "2026-07-01T13:38:32Z"
      },
      {
        "id": 1286141751,
        "name": "26s-w1-c3-07",
        "url": "https://github.com/madcamp-official/26s-w1-c3-07",
        "season": "2026-summer",
        "week": 1,
        "class": 3,
        "teamNumber": "07",
        "private": false,
        "defaultBranch": "main",
        "lastPushedAt": "2026-07-01T13:38:36Z"
      },
      {
        "id": 1286141792,
        "name": "26s-w1-c3-08",
        "url": "https://github.com/madcamp-official/26s-w1-c3-08",
        "season": "2026-summer",
        "week": 1,
        "class": 3,
        "teamNumber": "08",
        "private": false,
        "defaultBranch": "main",
        "lastPushedAt": "2026-07-01T13:38:39Z"
      },
      {
        "id": 1286141862,
        "name": "26s-w1-c3-09",
        "url": "https://github.com/madcamp-official/26s-w1-c3-09",
        "season": "2026-summer",
        "week": 1,
        "class": 3,
        "teamNumber": "09",
        "private": false,
        "defaultBranch": "main",
        "lastPushedAt": "2026-07-01T13:38:43Z"
      }
    ],
    "ignoredRepos": [
      "admin-manual",
      "participant-guide",
      "project-template",
      "ops-scripts",
      ".github",
      "github-automation"
    ],
    "warnings": []
  },
  "commitsProcessed": 13,
  "unknownUsers": 0,
  "failedRepos": [],
  "rateLimit": {
    "limit": 5000,
    "remaining": 4748,
    "reset": 1782979473,
    "used": 252
  },
  "report": {
    "syncStartedAt": "2026-07-02T07:30:01.844Z",
    "syncFinishedAt": "2026-07-02T07:30:20.811Z",
    "durationMs": 18967,
    "week": 1,
    "status": "success",
    "commitScope": "all_branches",
    "reposExpected": 24,
    "reposMatched": 24,
    "reposSucceeded": 24,
    "reposFailed": 0,
    "branchesScanned": 25,
    "commitPagesFetched": 25,
    "commitsFetched": 13,
    "uniqueCommits": 13,
    "unknownAuthors": 0,
    "rateLimit": {
      "limit": 5000,
      "remaining": 4748,
      "reset": 1782979473,
      "used": 252
    },
    "failedRepos": [],
    "repoReports": [
      {
        "repoName": "26s-w1-c1-01",
        "week": 1,
        "status": "success",
        "commitScope": "all_branches",
        "branchesScanned": 1,
        "branchesFetched": 1,
        "pagesFetched": 1,
        "commitsFetched": 0
      },
      {
        "repoName": "26s-w1-c1-02",
        "week": 1,
        "status": "success",
        "commitScope": "all_branches",
        "branchesScanned": 1,
        "branchesFetched": 1,
        "pagesFetched": 1,
        "commitsFetched": 0
      },
      {
        "repoName": "26s-w1-c1-03",
        "week": 1,
        "status": "success",
        "commitScope": "all_branches",
        "branchesScanned": 1,
        "branchesFetched": 1,
        "pagesFetched": 1,
        "commitsFetched": 0
      },
      {
        "repoName": "26s-w1-c1-04",
        "week": 1,
        "status": "success",
        "commitScope": "all_branches",
        "branchesScanned": 1,
        "branchesFetched": 1,
        "pagesFetched": 1,
        "commitsFetched": 0
      },
      {
        "repoName": "26s-w1-c1-05",
        "week": 1,
        "status": "success",
        "commitScope": "all_branches",
        "branchesScanned": 2,
        "branchesFetched": 1,
        "pagesFetched": 2,
        "commitsFetched": 1,
        "firstCommitAt": "2026-07-02T05:12:06Z",
        "lastCommitAt": "2026-07-02T05:12:06Z"
      },
      {
        "repoName": "26s-w1-c1-06",
        "week": 1,
        "status": "success",
        "commitScope": "all_branches",
        "branchesScanned": 1,
        "branchesFetched": 1,
        "pagesFetched": 1,
        "commitsFetched": 0
      },
      {
        "repoName": "26s-w1-c1-07",
        "week": 1,
        "status": "success",
        "commitScope": "all_branches",
        "branchesScanned": 1,
        "branchesFetched": 1,
        "pagesFetched": 1,
        "commitsFetched": 0
      },
      {
        "repoName": "26s-w1-c2-01",
        "week": 1,
        "status": "success",
        "commitScope": "all_branches",
        "branchesScanned": 1,
        "branchesFetched": 1,
        "pagesFetched": 1,
        "commitsFetched": 0
      },
      {
        "repoName": "26s-w1-c2-02",
        "week": 1,
        "status": "success",
        "commitScope": "all_branches",
        "branchesScanned": 1,
        "branchesFetched": 1,
        "pagesFetched": 1,
        "commitsFetched": 0
      },
      {
        "repoName": "26s-w1-c2-03",
        "week": 1,
        "status": "success",
        "commitScope": "all_branches",
        "branchesScanned": 1,
        "branchesFetched": 1,
        "pagesFetched": 1,
        "commitsFetched": 0
      },
      {
        "repoName": "26s-w1-c2-04",
        "week": 1,
        "status": "success",
        "commitScope": "all_branches",
        "branchesScanned": 1,
        "branchesFetched": 1,
        "pagesFetched": 1,
        "commitsFetched": 0
      },
      {
        "repoName": "26s-w1-c2-05",
        "week": 1,
        "status": "success",
        "commitScope": "all_branches",
        "branchesScanned": 1,
        "branchesFetched": 1,
        "pagesFetched": 1,
        "commitsFetched": 0
      },
      {
        "repoName": "26s-w1-c2-06",
        "week": 1,
        "status": "success",
        "commitScope": "all_branches",
        "branchesScanned": 1,
        "branchesFetched": 1,
        "pagesFetched": 1,
        "commitsFetched": 0
      },
      {
        "repoName": "26s-w1-c2-07",
        "week": 1,
        "status": "success",
        "commitScope": "all_branches",
        "branchesScanned": 1,
        "branchesFetched": 1,
        "pagesFetched": 1,
        "commitsFetched": 0
      },
      {
        "repoName": "26s-w1-c2-08",
        "week": 1,
        "status": "success",
        "commitScope": "all_branches",
        "branchesScanned": 1,
        "branchesFetched": 1,
        "pagesFetched": 1,
        "commitsFetched": 0
      },
      {
        "repoName": "26s-w1-c3-01",
        "week": 1,
        "status": "success",
        "commitScope": "all_branches",
        "branchesScanned": 1,
        "branchesFetched": 1,
        "pagesFetched": 1,
        "commitsFetched": 0
      },
      {
        "repoName": "26s-w1-c3-02",
        "week": 1,
        "status": "success",
        "commitScope": "all_branches",
        "branchesScanned": 1,
        "branchesFetched": 1,
        "pagesFetched": 1,
        "commitsFetched": 12,
        "firstCommitAt": "2026-07-02T05:20:04Z",
        "lastCommitAt": "2026-07-02T07:25:12Z"
      },
      {
        "repoName": "26s-w1-c3-03",
        "week": 1,
        "status": "success",
        "commitScope": "all_branches",
        "branchesScanned": 1,
        "branchesFetched": 1,
        "pagesFetched": 1,
        "commitsFetched": 0
      },
      {
        "repoName": "26s-w1-c3-04",
        "week": 1,
        "status": "success",
        "commitScope": "all_branches",
        "branchesScanned": 1,
        "branchesFetched": 1,
        "pagesFetched": 1,
        "commitsFetched": 0
      },
      {
        "repoName": "26s-w1-c3-05",
        "week": 1,
        "status": "success",
        "commitScope": "all_branches",
        "branchesScanned": 1,
        "branchesFetched": 1,
        "pagesFetched": 1,
        "commitsFetched": 0
      },
      {
        "repoName": "26s-w1-c3-06",
        "week": 1,
        "status": "success",
        "commitScope": "all_branches",
        "branchesScanned": 1,
        "branchesFetched": 1,
        "pagesFetched": 1,
        "commitsFetched": 0
      },
      {
        "repoName": "26s-w1-c3-07",
        "week": 1,
        "status": "success",
        "commitScope": "all_branches",
        "branchesScanned": 1,
        "branchesFetched": 1,
        "pagesFetched": 1,
        "commitsFetched": 0
      },
      {
        "repoName": "26s-w1-c3-08",
        "week": 1,
        "status": "success",
        "commitScope": "all_branches",
        "branchesScanned": 1,
        "branchesFetched": 1,
        "pagesFetched": 1,
        "commitsFetched": 0
      },
      {
        "repoName": "26s-w1-c3-09",
        "week": 1,
        "status": "success",
        "commitScope": "all_branches",
        "branchesScanned": 1,
        "branchesFetched": 1,
        "pagesFetched": 1,
        "commitsFetched": 0
      }
    ],
    "warnings": [],
    "attribution": {
      "participantCommits": 13,
      "coAuthoredParticipantCommits": 0,
      "botWithParticipant": 0,
      "botOnly": 0,
      "unknown": 0
    }
  },
  "ledgerPath": "/home/xistoh162108/Documents/projects/26_03_madcamp-service/git-tracker/data/commits/2026-summer-w1.jsonl",
  "reportPath": "/home/xistoh162108/Documents/projects/26_03_madcamp-service/git-tracker/data/sync-reports/latest.json",
  "snapshotPath": "/home/xistoh162108/Documents/projects/26_03_madcamp-service/git-tracker/public/data/snapshots/latest.json"
}

